2025-01-02 18:56:39 - Could not detect default configuration classes for test class [com.example.demo.DemoApplicationTests]: DemoApplicationTests does not declare any static, non-private, non-final, nested classes annotated with @Configuration.
2025-01-02 18:56:39 - Found @SpringBootConfiguration com.example.demo.DemoApplication for test class com.example.demo.DemoApplicationTests
2025-01-02 18:56:39 - Starting DemoApplicationTests using Java 17.0.13 with PID 322 (started by root in /var/www/html/steven/java/project/demo)
2025-01-02 18:56:39 - Running with Spring Boot v3.4.1, Spring v6.2.1
2025-01-02 18:56:39 - No active profile set, falling back to 1 default profile: "default"
2025-01-02 18:56:40 - Started DemoApplicationTests in 1.288 seconds (process running for 2.0)
2025-01-02 18:56:41 - HikariPool-1 - Starting...
2025-01-02 18:56:42 - HikariPool-1 - Starting...
2025-01-02 18:57:04 - Could not detect default configuration classes for test class [com.example.demo.DemoApplicationTests]: DemoApplicationTests does not declare any static, non-private, non-final, nested classes annotated with @Configuration.
2025-01-02 18:57:04 - Found @SpringBootConfiguration com.example.demo.DemoApplication for test class com.example.demo.DemoApplicationTests
2025-01-02 18:57:04 - Starting DemoApplicationTests using Java 17.0.13 with PID 700 (started by root in /var/www/html/steven/java/project/demo)
2025-01-02 18:57:04 - Running with Spring Boot v3.4.1, Spring v6.2.1
2025-01-02 18:57:04 - No active profile set, falling back to 1 default profile: "default"
2025-01-02 18:57:05 - Started DemoApplicationTests in 1.194 seconds (process running for 1.883)
2025-01-02 18:57:06 - HikariPool-1 - Starting...
2025-01-02 18:57:06 - HikariPool-1 - Added connection com.mysql.cj.jdbc.ConnectionImpl@3bc891f2
2025-01-02 18:57:06 - HikariPool-1 - Start completed.
2025-01-02 18:57:06 - HikariPool-1 - Shutdown initiated...
2025-01-02 18:57:06 - HikariPool-1 - Shutdown completed.
2025-01-02 19:10:08 - Starting DemoApplication using Java 17.0.13 with PID 828 (/var/www/html/steven/java/project/demo/target/classes started by root in /var/www/html/steven/java/project/demo)
2025-01-02 19:10:08 - Running with Spring Boot v3.4.1, Spring v6.2.1
2025-01-02 19:10:08 - No active profile set, falling back to 1 default profile: "default"
2025-01-02 19:10:09 - Tomcat initialized with port 8080 (http)
2025-01-02 19:10:09 - An older version [1.2.35] of the Apache Tomcat Native library is installed, while Tomcat recommends a minimum version of [2.0.5]
2025-01-02 19:10:09 - Loaded Apache Tomcat Native library [1.2.35] using APR version [1.7.2].
2025-01-02 19:10:09 - OpenSSL successfully initialized [OpenSSL 3.0.13 30 Jan 2024]
2025-01-02 19:10:09 - Initializing ProtocolHandler ["http-nio-8080"]
2025-01-02 19:10:09 - Starting service [Tomcat]
2025-01-02 19:10:09 - Starting Servlet engine: [Apache Tomcat/10.1.34]
2025-01-02 19:10:09 - Initializing Spring embedded WebApplicationContext
2025-01-02 19:10:09 - Root WebApplicationContext: initialization completed in 452 ms
2025-01-02 19:10:09 - Starting ProtocolHandler ["http-nio-8080"]
2025-01-02 19:10:09 - Tomcat started on port 8080 (http) with context path '/'
2025-01-02 19:10:09 - Started DemoApplication in 0.899 seconds (process running for 1.1)
2025-01-02 19:10:14 - Commencing graceful shutdown. Waiting for active requests to complete
2025-01-02 19:10:14 - Graceful shutdown complete
2025-01-02 19:11:16 - Starting DemoApplication using Java 17.0.13 with PID 931 (/var/www/html/steven/java/project/demo/target/classes started by root in /var/www/html/steven/java/project/demo)
2025-01-02 19:11:16 - Running with Spring Boot v3.4.1, Spring v6.2.1
2025-01-02 19:11:16 - No active profile set, falling back to 1 default profile: "default"
2025-01-02 19:11:16 - Tomcat initialized with port 9090 (http)
2025-01-02 19:11:16 - An older version [1.2.35] of the Apache Tomcat Native library is installed, while Tomcat recommends a minimum version of [2.0.5]
2025-01-02 19:11:16 - Loaded Apache Tomcat Native library [1.2.35] using APR version [1.7.2].
2025-01-02 19:11:16 - OpenSSL successfully initialized [OpenSSL 3.0.13 30 Jan 2024]
2025-01-02 19:11:16 - Initializing ProtocolHandler ["http-nio-9090"]
2025-01-02 19:11:16 - Starting service [Tomcat]
2025-01-02 19:11:16 - Starting Servlet engine: [Apache Tomcat/10.1.34]
2025-01-02 19:11:16 - Initializing Spring embedded WebApplicationContext
2025-01-02 19:11:16 - Root WebApplicationContext: initialization completed in 452 ms
2025-01-02 19:11:17 - Starting ProtocolHandler ["http-nio-9090"]
2025-01-02 19:11:17 - Tomcat started on port 9090 (http) with context path '/'
2025-01-02 19:11:17 - Started DemoApplication in 0.919 seconds (process running for 1.125)
2025-01-02 19:11:21 - Commencing graceful shutdown. Waiting for active requests to complete
2025-01-02 19:11:21 - Graceful shutdown complete
2025-01-02 19:11:34 - Starting DemoApplication using Java 17.0.13 with PID 1033 (/var/www/html/steven/java/project/demo/target/classes started by root in /var/www/html/steven/java/project/demo)
2025-01-02 19:11:34 - Running with Spring Boot v3.4.1, Spring v6.2.1
2025-01-02 19:11:34 - No active profile set, falling back to 1 default profile: "default"
2025-01-02 19:11:34 - Tomcat initialized with port 8080 (http)
2025-01-02 19:11:34 - An older version [1.2.35] of the Apache Tomcat Native library is installed, while Tomcat recommends a minimum version of [2.0.5]
2025-01-02 19:11:34 - Loaded Apache Tomcat Native library [1.2.35] using APR version [1.7.2].
2025-01-02 19:11:34 - OpenSSL successfully initialized [OpenSSL 3.0.13 30 Jan 2024]
2025-01-02 19:11:34 - Initializing ProtocolHandler ["http-nio-8080"]
2025-01-02 19:11:34 - Starting service [Tomcat]
2025-01-02 19:11:34 - Starting Servlet engine: [Apache Tomcat/10.1.34]
2025-01-02 19:11:34 - Initializing Spring embedded WebApplicationContext
2025-01-02 19:11:34 - Root WebApplicationContext: initialization completed in 452 ms
2025-01-02 19:11:34 - Starting ProtocolHandler ["http-nio-8080"]
2025-01-02 19:11:34 - Tomcat started on port 8080 (http) with context path '/'
2025-01-02 19:11:34 - Started DemoApplication in 0.908 seconds (process running for 1.121)
2025-01-02 19:11:36 - Commencing graceful shutdown. Waiting for active requests to complete
2025-01-02 19:11:36 - Graceful shutdown complete
2025-01-02 19:25:17 - Could not detect default configuration classes for test class [com.example.demo.DemoApplicationTests]: DemoApplicationTests does not declare any static, non-private, non-final, nested classes annotated with @Configuration.
2025-01-02 19:25:17 - Found @SpringBootConfiguration com.example.demo.DemoApplication for test class com.example.demo.DemoApplicationTests
2025-01-02 19:25:17 - Starting DemoApplicationTests using Java 17.0.13 with PID 1196 (started by root in /var/www/html/steven/java/project/demo)
2025-01-02 19:25:17 - Running with Spring Boot v3.4.1, Spring v6.2.1
2025-01-02 19:25:17 - No active profile set, falling back to 1 default profile: "default"
2025-01-02 19:25:18 - Started DemoApplicationTests in 1.245 seconds (process running for 1.922)
2025-01-02 19:25:19 - HikariPool-1 - Starting...
2025-01-02 19:25:19 - HikariPool-1 - Added connection com.mysql.cj.jdbc.ConnectionImpl@f2becb2
2025-01-02 19:25:19 - HikariPool-1 - Start completed.
2025-01-02 19:25:19 - HikariPool-1 - Shutdown initiated...
2025-01-02 19:25:19 - HikariPool-1 - Shutdown completed.
2025-01-02 19:28:27 - Could not detect default configuration classes for test class [com.example.demo.DemoApplicationTests]: DemoApplicationTests does not declare any static, non-private, non-final, nested classes annotated with @Configuration.
2025-01-02 19:28:27 - Found @SpringBootConfiguration com.example.demo.DemoApplication for test class com.example.demo.DemoApplicationTests
2025-01-02 19:28:27 - Starting DemoApplicationTests using Java 17.0.13 with PID 1339 (started by root in /var/www/html/steven/java/project/demo)
2025-01-02 19:28:27 - Running with Spring Boot v3.4.1, Spring v6.2.1
2025-01-02 19:28:27 - No active profile set, falling back to 1 default profile: "default"
2025-01-02 19:28:28 - Started DemoApplicationTests in 1.258 seconds (process running for 1.925)
2025-01-02 19:28:29 - HikariPool-1 - Starting...
2025-01-02 19:28:29 - HikariPool-1 - Added connection com.mysql.cj.jdbc.ConnectionImpl@6b3b4f37
2025-01-02 19:28:29 - HikariPool-1 - Start completed.
2025-01-02 19:28:29 - HikariPool-1 - Shutdown initiated...
2025-01-02 19:28:29 - HikariPool-1 - Shutdown completed.
2025-01-02 19:28:35 - Could not detect default configuration classes for test class [com.example.demo.DemoApplicationTests]: DemoApplicationTests does not declare any static, non-private, non-final, nested classes annotated with @Configuration.
2025-01-02 19:28:35 - Found @SpringBootConfiguration com.example.demo.DemoApplication for test class com.example.demo.DemoApplicationTests
2025-01-02 19:28:36 - Starting DemoApplicationTests using Java 17.0.13 with PID 1474 (started by root in /var/www/html/steven/java/project/demo)
2025-01-02 19:28:36 - Running with Spring Boot v3.4.1, Spring v6.2.1
2025-01-02 19:28:36 - No active profile set, falling back to 1 default profile: "default"
2025-01-02 19:28:37 - Started DemoApplicationTests in 1.262 seconds (process running for 1.952)
2025-01-02 19:28:37 - HikariPool-1 - Starting...
2025-01-02 19:28:37 - HikariPool-1 - Added connection com.mysql.cj.jdbc.ConnectionImpl@f42336c
2025-01-02 19:28:37 - HikariPool-1 - Start completed.
2025-01-02 19:28:37 - HikariPool-1 - Shutdown initiated...
2025-01-02 19:28:37 - HikariPool-1 - Shutdown completed.
2025-01-02 19:31:55 - Could not detect default configuration classes for test class [com.example.demo.DemoApplicationTests]: DemoApplicationTests does not declare any static, non-private, non-final, nested classes annotated with @Configuration.
2025-01-02 19:31:55 - Found @SpringBootConfiguration com.example.demo.DemoApplication for test class com.example.demo.DemoApplicationTests
2025-01-02 19:31:55 - Starting DemoApplicationTests using Java 17.0.13 with PID 1662 (started by root in /var/www/html/steven/java/project/demo)
2025-01-02 19:31:55 - Running with Spring Boot v3.4.1, Spring v6.2.1
2025-01-02 19:31:55 - No active profile set, falling back to 1 default profile: "default"
2025-01-02 19:31:56 - Started DemoApplicationTests in 1.298 seconds (process running for 1.927)
2025-01-02 19:31:57 - HikariPool-1 - Starting...
2025-01-02 19:31:57 - HikariPool-1 - Added connection com.mysql.cj.jdbc.ConnectionImpl@6b3b4f37
2025-01-02 19:31:57 - HikariPool-1 - Start completed.
2025-01-02 19:31:57 - HikariPool-1 - Shutdown initiated...
2025-01-02 19:31:57 - HikariPool-1 - Shutdown completed.
2025-01-02 19:33:41 - Could not detect default configuration classes for test class [com.example.demo.DemoApplicationTests]: DemoApplicationTests does not declare any static, non-private, non-final, nested classes annotated with @Configuration.
2025-01-02 19:33:41 - Found @SpringBootConfiguration com.example.demo.DemoApplication for test class com.example.demo.DemoApplicationTests
2025-01-02 19:33:42 - Starting DemoApplicationTests using Java 17.0.13 with PID 1800 (started by root in /var/www/html/steven/java/project/demo)
2025-01-02 19:33:42 - Running with Spring Boot v3.4.1, Spring v6.2.1
2025-01-02 19:33:42 - No active profile set, falling back to 1 default profile: "default"
2025-01-02 19:33:43 - Started DemoApplicationTests in 1.244 seconds (process running for 1.93)
2025-01-02 19:33:43 - HikariPool-1 - Starting...
2025-01-02 19:33:43 - HikariPool-1 - Added connection com.mysql.cj.jdbc.ConnectionImpl@f42336c
2025-01-02 19:33:43 - HikariPool-1 - Start completed.
2025-01-02 19:33:43 - HikariPool-1 - Shutdown initiated...
2025-01-02 19:33:43 - HikariPool-1 - Shutdown completed.
2025-01-02 19:36:20 - Starting DemoApplication using Java 17.0.13 with PID 1926 (/var/www/html/steven/java/project/demo/target/classes started by root in /var/www/html/steven/java/project/demo)
2025-01-02 19:36:20 - Running with Spring Boot v3.4.1, Spring v6.2.1
2025-01-02 19:36:20 - No active profile set, falling back to 1 default profile: "default"
2025-01-02 19:36:20 - Tomcat initialized with port 8080 (http)
2025-01-02 19:36:20 - An older version [1.2.35] of the Apache Tomcat Native library is installed, while Tomcat recommends a minimum version of [2.0.5]
2025-01-02 19:36:20 - Loaded Apache Tomcat Native library [1.2.35] using APR version [1.7.2].
2025-01-02 19:36:20 - OpenSSL successfully initialized [OpenSSL 3.0.13 30 Jan 2024]
2025-01-02 19:36:20 - Initializing ProtocolHandler ["http-nio-8080"]
2025-01-02 19:36:20 - Starting service [Tomcat]
2025-01-02 19:36:20 - Starting Servlet engine: [Apache Tomcat/10.1.34]
2025-01-02 19:36:20 - Initializing Spring embedded WebApplicationContext
2025-01-02 19:36:20 - Root WebApplicationContext: initialization completed in 449 ms
2025-01-02 19:36:21 - Starting ProtocolHandler ["http-nio-8080"]
2025-01-02 19:36:21 - Tomcat started on port 8080 (http) with context path '/'
2025-01-02 19:36:21 - Started DemoApplication in 0.908 seconds (process running for 1.109)
2025-01-02 19:36:23 - Commencing graceful shutdown. Waiting for active requests to complete
2025-01-02 19:36:23 - Graceful shutdown complete
2025-01-02 19:37:01 - Could not detect default configuration classes for test class [com.example.demo.DemoApplicationTests]: DemoApplicationTests does not declare any static, non-private, non-final, nested classes annotated with @Configuration.
2025-01-02 19:37:01 - Found @SpringBootConfiguration com.example.demo.DemoApplication for test class com.example.demo.DemoApplicationTests
2025-01-02 19:37:01 - Starting DemoApplicationTests using Java 17.0.13 with PID 2035 (started by root in /var/www/html/steven/java/project/demo)
2025-01-02 19:37:01 - Running with Spring Boot v3.4.1, Spring v6.2.1
2025-01-02 19:37:01 - No active profile set, falling back to 1 default profile: "default"
2025-01-02 19:37:02 - Started DemoApplicationTests in 1.288 seconds (process running for 1.95)
2025-01-02 19:37:03 - HikariPool-1 - Starting...
2025-01-02 19:37:03 - HikariPool-1 - Added connection com.mysql.cj.jdbc.ConnectionImpl@f42336c
2025-01-02 19:37:03 - HikariPool-1 - Start completed.
2025-01-02 19:37:03 - HikariPool-1 - Shutdown initiated...
2025-01-02 19:37:03 - HikariPool-1 - Shutdown completed.
2025-01-02 19:37:25 - Could not detect default configuration classes for test class [com.example.demo.DemoApplicationTests]: DemoApplicationTests does not declare any static, non-private, non-final, nested classes annotated with @Configuration.
2025-01-02 19:37:25 - Found @SpringBootConfiguration com.example.demo.DemoApplication for test class com.example.demo.DemoApplicationTests
2025-01-02 19:37:25 - Starting DemoApplicationTests using Java 17.0.13 with PID 2171 (started by root in /var/www/html/steven/java/project/demo)
2025-01-02 19:37:25 - Running with Spring Boot v3.4.1, Spring v6.2.1
2025-01-02 19:37:25 - No active profile set, falling back to 1 default profile: "default"
2025-01-02 19:37:27 - Started DemoApplicationTests in 1.286 seconds (process running for 1.934)
2025-01-02 19:37:27 - HikariPool-1 - Starting...
2025-01-02 19:37:27 - HikariPool-1 - Added connection com.mysql.cj.jdbc.ConnectionImpl@f42336c
2025-01-02 19:37:27 - HikariPool-1 - Start completed.
2025-01-02 19:37:27 - HikariPool-1 - Shutdown initiated...
2025-01-02 19:37:27 - HikariPool-1 - Shutdown completed.
